+ ld obj/kern/kernel
+ mk obj/kern/kernel.img
c[?7l[2J[0mSeaBIOS (version 1.13.0-1ubuntu1.1)


iPXE (http://ipxe.org) 00:03.0 CA00 PCI2.10 PnP PMM+07F8C8B0+07ECC8B0 CA00
Press Ctrl-B to configure iPXE (PCI 00:03.0)...                                                                               


Booting from ROM..6828 decimal is 15254 octal!
Physical memory: 131072K available, base = 640K, extended = 130432K
check_page_free_list() succeeded!
check_page_alloc() succeeded!
check_page() succeeded!
check_kern_pgdir() succeeded!
check_page_free_list() succeeded!
check_page_installed_pgdir() succeeded!
SMP: CPU 0 found 1 CPU(s)
enabled interrupts: 1 2
[00000000] new env 00001000
0xf01f2790
[00001000] user_mem_check assertion failure for va f0100020
[00001000] free env 00001000
No runnable environments in the system!
Welcome to the JOS kernel monitor!
Type 'help' for a list of commands.
qemu-system-i386: terminating on signal 15 from pid 24556 (make)
